<?xml version="1.0" encoding="UTF-8"?>
<!-- Generated by org.testng.reporters.JUnitReportReporter -->
<testsuite skipped="1" hostname="DESKTOP-8IAVJOG" name="com.test.grid.SeleniumGridTest" tests="2" failures="0" timestamp="05 Dec 2018 19:03:41 GMT" time="0.000" errors="0">
  <testcase name="testmessage" time="0.000" classname="com.test.grid.SeleniumGridTest"/>
  <testcase name="testTitlePage" classname="com.test.grid.SeleniumGridTest">
    <skipped/>
  </testcase> <!-- testTitlePage -->
</testsuite> <!-- com.test.grid.SeleniumGridTest -->
